<?xml version="1.0" encoding="UTF-8"?>
<!-- Generated by org.testng.reporters.JUnitReportReporter -->
<testsuite skipped="0" hostname="LAPTOP-3NPM5AHR" name="com.SourcePro.Login.LoginIndex" tests="1" failures="0" timestamp="06 Jun 2022 10:23:22 GMT" time="16.945" errors="0">
  <testcase name="login" time="16.945" classname="com.SourcePro.Login.LoginIndex"/>
</testsuite> <!-- com.SourcePro.Login.LoginIndex -->
