<?xml version="1.0" encoding="UTF-8"?>
<!-- Generated by org.testng.reporters.JUnitReportReporter -->
<testsuite skipped="0" hostname="LAPTOP-3NPM5AHR" name="com.SourcePro.Materials.ItemMasterBasicDetailEntry.ItemMasterBasicDetailEntryIndex" tests="1" failures="0" timestamp="06 Jun 2022 10:11:52 GMT" time="114.242" errors="0">
  <testcase name="ItemMasterBasicDetailEntryAdd" time="114.242" classname="com.SourcePro.Materials.ItemMasterBasicDetailEntry.ItemMasterBasicDetailEntryIndex"/>
</testsuite> <!-- com.SourcePro.Materials.ItemMasterBasicDetailEntry.ItemMasterBasicDetailEntryIndex -->
