<?xml version="1.0" encoding="UTF-8"?>
<!-- Generated by org.testng.reporters.JUnitReportReporter -->
<testsuite skipped="0" hostname="LAPTOP-3NPM5AHR" name="com.Nirvana.Claims.ClaimsIndex" tests="1" failures="0" timestamp="06 Apr 2022 07:20:06 GMT" time="5.893" errors="0">
  <testcase name="claimsPage" time="5.893" classname="com.Nirvana.Claims.ClaimsIndex"/>
</testsuite> <!-- com.Nirvana.Claims.ClaimsIndex -->
