<?xml version="1.0" encoding="UTF-8"?>
<!-- Generated by org.testng.reporters.JUnitReportReporter -->
<testsuite skipped="0" hostname="LAPTOP-3NPM5AHR" name="com.SourcePro.Purchase.POMaintenanceNew.POMaintenanceNewIndex" tests="1" failures="0" timestamp="06 Jun 2022 07:38:48 GMT" time="130.511" errors="0">
  <testcase name="add_POMaintenanceNew" time="130.511" classname="com.SourcePro.Purchase.POMaintenanceNew.POMaintenanceNewIndex"/>
</testsuite> <!-- com.SourcePro.Purchase.POMaintenanceNew.POMaintenanceNewIndex -->
